<?xml version="1.0" encoding="UTF-8"?>
<testng-results ignored="0" total="1" passed="1" failed="0" skipped="0">
  <reporter-output>
  </reporter-output>
  <suite started-at="2021-06-24T13:59:25 BST" name="Default suite" finished-at="2021-06-24T13:59:37 BST" duration-ms="12302">
    <groups>
    </groups>
    <test started-at="2021-06-24T13:59:25 BST" name="Default test" finished-at="2021-06-24T13:59:37 BST" duration-ms="12302">
      <class name="eligibilityChecker_TestCases.TC001_EChecker">
        <test-method is-config="true" signature="setup()[pri:0, instance:eligibilityChecker_TestCases.TC001_EChecker@4a94ee4]" started-at="2021-06-24T13:59:25 BST" name="setup" finished-at="2021-06-24T13:59:29 BST" duration-ms="4547" status="PASS">
          <reporter-output>
          </reporter-output>
        </test-method> <!-- setup -->
        <test-method signature="EChecker()[pri:0, instance:eligibilityChecker_TestCases.TC001_EChecker@4a94ee4]" started-at="2021-06-24T13:59:29 BST" name="EChecker" finished-at="2021-06-24T13:59:37 BST" duration-ms="7736" status="PASS">
          <reporter-output>
          </reporter-output>
        </test-method> <!-- EChecker -->
      </class> <!-- eligibilityChecker_TestCases.TC001_EChecker -->
    </test> <!-- Default test -->
  </suite> <!-- Default suite -->
</testng-results>
